  Demo.cpp
f:\n-file\kuliah\semester 5\grafkom\grafika komputer dan visualisasi\vs\proyek\demo.cpp(64): warning C4305: 'initializing': truncation from 'double' to 'float'
f:\n-file\kuliah\semester 5\grafkom\grafika komputer dan visualisasi\vs\proyek\demo.cpp(68): warning C4244: '=': conversion from 'double' to 'float', possible loss of data
f:\n-file\kuliah\semester 5\grafkom\grafika komputer dan visualisasi\vs\proyek\demo.cpp(69): warning C4244: '=': conversion from 'double' to 'float', possible loss of data
f:\n-file\kuliah\semester 5\grafkom\grafika komputer dan visualisasi\vs\proyek\demo.cpp(158): warning C4305: 'argument': truncation from 'double' to 'GLfloat'
f:\n-file\kuliah\semester 5\grafkom\grafika komputer dan visualisasi\vs\proyek\demo.cpp(162): warning C4305: 'argument': truncation from 'double' to 'GLfloat'
f:\n-file\kuliah\semester 5\grafkom\grafika komputer dan visualisasi\vs\proyek\demo.cpp(163): warning C4305: 'argument': truncation from 'double' to 'GLfloat'
f:\n-file\kuliah\semester 5\grafkom\grafika komputer dan visualisasi\vs\proyek\demo.cpp(164): warning C4305: 'argument': truncation from 'double' to 'GLfloat'
f:\n-file\kuliah\semester 5\grafkom\grafika komputer dan visualisasi\vs\proyek\demo.cpp(165): warning C4305: 'argument': truncation from 'double' to 'GLfloat'
f:\n-file\kuliah\semester 5\grafkom\grafika komputer dan visualisasi\vs\proyek\demo.cpp(171): warning C4305: 'argument': truncation from 'double' to 'GLfloat'
f:\n-file\kuliah\semester 5\grafkom\grafika komputer dan visualisasi\vs\proyek\demo.cpp(172): warning C4305: 'argument': truncation from 'double' to 'GLfloat'
f:\n-file\kuliah\semester 5\grafkom\grafika komputer dan visualisasi\vs\proyek\demo.cpp(173): warning C4305: 'argument': truncation from 'double' to 'GLfloat'
f:\n-file\kuliah\semester 5\grafkom\grafika komputer dan visualisasi\vs\proyek\demo.cpp(178): warning C4305: 'argument': truncation from 'double' to 'GLfloat'
f:\n-file\kuliah\semester 5\grafkom\grafika komputer dan visualisasi\vs\proyek\demo.cpp(179): warning C4305: 'argument': truncation from 'double' to 'GLfloat'
f:\n-file\kuliah\semester 5\grafkom\grafika komputer dan visualisasi\vs\proyek\demo.cpp(180): warning C4305: 'argument': truncation from 'double' to 'GLfloat'
f:\n-file\kuliah\semester 5\grafkom\grafika komputer dan visualisasi\vs\proyek\demo.cpp(181): warning C4305: 'argument': truncation from 'double' to 'GLfloat'
f:\n-file\kuliah\semester 5\grafkom\grafika komputer dan visualisasi\vs\proyek\demo.cpp(183): warning C4305: 'argument': truncation from 'double' to 'GLfloat'
f:\n-file\kuliah\semester 5\grafkom\grafika komputer dan visualisasi\vs\proyek\demo.cpp(184): warning C4305: 'argument': truncation from 'double' to 'GLfloat'
f:\n-file\kuliah\semester 5\grafkom\grafika komputer dan visualisasi\vs\proyek\demo.cpp(186): warning C4305: 'argument': truncation from 'double' to 'GLfloat'
f:\n-file\kuliah\semester 5\grafkom\grafika komputer dan visualisasi\vs\proyek\demo.cpp(187): warning C4305: 'argument': truncation from 'double' to 'GLfloat'
f:\n-file\kuliah\semester 5\grafkom\grafika komputer dan visualisasi\vs\proyek\demo.cpp(188): warning C4305: 'argument': truncation from 'double' to 'GLfloat'
f:\n-file\kuliah\semester 5\grafkom\grafika komputer dan visualisasi\vs\proyek\demo.cpp(189): warning C4305: 'argument': truncation from 'double' to 'GLfloat'
f:\n-file\kuliah\semester 5\grafkom\grafika komputer dan visualisasi\vs\proyek\demo.cpp(191): warning C4305: 'argument': truncation from 'double' to 'GLfloat'
f:\n-file\kuliah\semester 5\grafkom\grafika komputer dan visualisasi\vs\proyek\demo.cpp(192): warning C4305: 'argument': truncation from 'double' to 'GLfloat'
f:\n-file\kuliah\semester 5\grafkom\grafika komputer dan visualisasi\vs\proyek\demo.cpp(215): warning C4305: 'argument': truncation from 'double' to 'GLfloat'
f:\n-file\kuliah\semester 5\grafkom\grafika komputer dan visualisasi\vs\proyek\demo.cpp(216): warning C4305: 'argument': truncation from 'double' to 'GLfloat'
f:\n-file\kuliah\semester 5\grafkom\grafika komputer dan visualisasi\vs\proyek\demo.cpp(217): warning C4305: 'argument': truncation from 'double' to 'GLfloat'
f:\n-file\kuliah\semester 5\grafkom\grafika komputer dan visualisasi\vs\proyek\demo.cpp(229): warning C4305: 'argument': truncation from 'double' to 'GLfloat'
f:\n-file\kuliah\semester 5\grafkom\grafika komputer dan visualisasi\vs\proyek\demo.cpp(610): warning C4305: 'initializing': truncation from 'double' to 'float'
f:\n-file\kuliah\semester 5\grafkom\grafika komputer dan visualisasi\vs\proyek\demo.cpp(1015): warning C4305: 'initializing': truncation from 'double' to 'float'
f:\n-file\kuliah\semester 5\grafkom\grafika komputer dan visualisasi\vs\proyek\demo.cpp(1167): warning C4305: 'initializing': truncation from 'double' to 'float'
f:\n-file\kuliah\semester 5\grafkom\grafika komputer dan visualisasi\vs\proyek\demo.cpp(1331): warning C4305: 'initializing': truncation from 'double' to 'float'
f:\n-file\kuliah\semester 5\grafkom\grafika komputer dan visualisasi\vs\proyek\demo.cpp(1332): warning C4305: 'initializing': truncation from 'double' to 'float'
f:\n-file\kuliah\semester 5\grafkom\grafika komputer dan visualisasi\vs\proyek\demo.cpp(1451): warning C4305: 'initializing': truncation from 'double' to 'float'
f:\n-file\kuliah\semester 5\grafkom\grafika komputer dan visualisasi\vs\proyek\demo.cpp(1452): warning C4305: 'initializing': truncation from 'double' to 'float'
f:\n-file\kuliah\semester 5\grafkom\grafika komputer dan visualisasi\vs\proyek\demo.cpp(1641): warning C4305: 'initializing': truncation from 'double' to 'float'
f:\n-file\kuliah\semester 5\grafkom\grafika komputer dan visualisasi\vs\proyek\demo.cpp(1670): warning C4305: 'initializing': truncation from 'double' to 'float'
f:\n-file\kuliah\semester 5\grafkom\grafika komputer dan visualisasi\vs\proyek\demo.cpp(1673): warning C4244: '=': conversion from 'double' to 'float', possible loss of data
f:\n-file\kuliah\semester 5\grafkom\grafika komputer dan visualisasi\vs\proyek\demo.cpp(1674): warning C4244: '=': conversion from 'double' to 'float', possible loss of data
f:\n-file\kuliah\semester 5\grafkom\grafika komputer dan visualisasi\vs\proyek\demo.cpp(1677): warning C4244: '=': conversion from 'double' to 'float', possible loss of data
f:\n-file\kuliah\semester 5\grafkom\grafika komputer dan visualisasi\vs\proyek\demo.cpp(1678): warning C4244: '=': conversion from 'double' to 'float', possible loss of data
f:\n-file\kuliah\semester 5\grafkom\grafika komputer dan visualisasi\vs\proyek\demo.cpp(1681): warning C4244: '=': conversion from 'double' to 'float', possible loss of data
f:\n-file\kuliah\semester 5\grafkom\grafika komputer dan visualisasi\vs\proyek\demo.cpp(1682): warning C4244: '=': conversion from 'double' to 'float', possible loss of data
f:\n-file\kuliah\semester 5\grafkom\grafika komputer dan visualisasi\vs\proyek\demo.cpp(1685): warning C4244: '=': conversion from 'double' to 'float', possible loss of data
f:\n-file\kuliah\semester 5\grafkom\grafika komputer dan visualisasi\vs\proyek\demo.cpp(1686): warning C4244: '=': conversion from 'double' to 'float', possible loss of data
f:\n-file\kuliah\semester 5\grafkom\grafika komputer dan visualisasi\vs\proyek\demo.cpp(1707): warning C4244: 'initializing': conversion from 'int' to 'float', possible loss of data
f:\n-file\kuliah\semester 5\grafkom\grafika komputer dan visualisasi\vs\proyek\demo.cpp(1708): warning C4244: 'initializing': conversion from 'int' to 'float', possible loss of data
f:\n-file\kuliah\semester 5\grafkom\grafika komputer dan visualisasi\vs\proyek\demo.cpp(1865): warning C4305: 'initializing': truncation from 'double' to 'float'
f:\n-file\kuliah\semester 5\grafkom\grafika komputer dan visualisasi\vs\proyek\demo.cpp(1870): warning C4244: 'initializing': conversion from 'double' to 'float', possible loss of data
f:\n-file\kuliah\semester 5\grafkom\grafika komputer dan visualisasi\vs\proyek\demo.cpp(1932): warning C4305: 'initializing': truncation from 'double' to 'float'
f:\n-file\kuliah\semester 5\grafkom\grafika komputer dan visualisasi\vs\proyek\demo.cpp(1948): warning C4305: 'initializing': truncation from 'double' to 'float'
f:\n-file\kuliah\semester 5\grafkom\grafika komputer dan visualisasi\vs\proyek\demo.cpp(2110): warning C4305: '=': truncation from 'double' to 'float'
SOIL.lib(SOIL.obj) : warning LNK4075: ignoring '/EDITANDCONTINUE' due to '/OPT:ICF' specification
LINK : warning LNK4098: defaultlib 'MSVCRTD' conflicts with use of other libs; use /NODEFAULTLIB:library
  Generating code
  2 of 357 functions ( 0.6%) were compiled, the rest were copied from previous compilation.
    0 functions were new in current compilation
    0 functions had inline decision re-evaluated but remain unchanged
  Finished generating code
SOIL.lib(image_DXT.obj) : warning LNK4099: PDB 'vc110.pdb' was not found with 'SOIL.lib(image_DXT.obj)' or at 'F:\N-File\Kuliah\Semester 5\Grafkom\Grafika Komputer dan Visualisasi\vs\Release\vc110.pdb'; linking object as if no debug info
SOIL.lib(image_helper.obj) : warning LNK4099: PDB 'vc110.pdb' was not found with 'SOIL.lib(image_helper.obj)' or at 'F:\N-File\Kuliah\Semester 5\Grafkom\Grafika Komputer dan Visualisasi\vs\Release\vc110.pdb'; linking object as if no debug info
SOIL.lib(SOIL.obj) : warning LNK4099: PDB 'vc110.pdb' was not found with 'SOIL.lib(SOIL.obj)' or at 'F:\N-File\Kuliah\Semester 5\Grafkom\Grafika Komputer dan Visualisasi\vs\Release\vc110.pdb'; linking object as if no debug info
SOIL.lib(stb_image_aug.obj) : warning LNK4099: PDB 'vc110.pdb' was not found with 'SOIL.lib(stb_image_aug.obj)' or at 'F:\N-File\Kuliah\Semester 5\Grafkom\Grafika Komputer dan Visualisasi\vs\Release\vc110.pdb'; linking object as if no debug info
  Proyek.vcxproj -> F:\N-File\Kuliah\Semester 5\Grafkom\Grafika Komputer dan Visualisasi\vs\Release\Proyek.exe
