f:\n-file\kuliah\semester 5\grafkom\grafika komputer dan visualisasi\vs\lesson07\release\vc141.pdb
f:\n-file\kuliah\semester 5\grafkom\grafika komputer dan visualisasi\vs\lesson07\release\renderengine.obj
f:\n-file\kuliah\semester 5\grafkom\grafika komputer dan visualisasi\vs\lesson07\release\demo.obj
f:\n-file\kuliah\semester 5\grafkom\grafika komputer dan visualisasi\vs\proyek\release\vc141.pdb
f:\n-file\kuliah\semester 5\grafkom\grafika komputer dan visualisasi\vs\proyek\release\renderengine.obj
f:\n-file\kuliah\semester 5\grafkom\grafika komputer dan visualisasi\vs\proyek\release\demo.obj
f:\n-file\kuliah\semester 5\grafkom\grafika komputer dan visualisasi\vs\proyek\release\glad.obj
f:\n-file\kuliah\semester 5\grafkom\grafika komputer dan visualisasi\vs\release\lesson07.exe
f:\n-file\kuliah\semester 5\grafkom\grafika komputer dan visualisasi\vs\release\lesson07.pdb
f:\n-file\kuliah\semester 5\grafkom\grafika komputer dan visualisasi\vs\release\proyek2.exe
f:\n-file\kuliah\semester 5\grafkom\grafika komputer dan visualisasi\vs\release\proyek2.pdb
f:\n-file\kuliah\semester 5\grafkom\grafika komputer dan visualisasi\vs\release\proyek.exe
f:\n-file\kuliah\semester 5\grafkom\grafika komputer dan visualisasi\vs\release\proyek.pdb
f:\n-file\kuliah\semester 5\grafkom\grafika komputer dan visualisasi\vs\release\lesson07.ipdb
f:\n-file\kuliah\semester 5\grafkom\grafika komputer dan visualisasi\vs\release\lesson07.iobj
f:\n-file\kuliah\semester 5\grafkom\grafika komputer dan visualisasi\vs\release\proyek2.ipdb
f:\n-file\kuliah\semester 5\grafkom\grafika komputer dan visualisasi\vs\release\proyek2.iobj
f:\n-file\kuliah\semester 5\grafkom\grafika komputer dan visualisasi\vs\release\proyek.ipdb
f:\n-file\kuliah\semester 5\grafkom\grafika komputer dan visualisasi\vs\release\proyek.iobj
f:\n-file\kuliah\semester 5\grafkom\grafika komputer dan visualisasi\vs\proyek\release\proyek.tlog\cl.command.1.tlog
f:\n-file\kuliah\semester 5\grafkom\grafika komputer dan visualisasi\vs\proyek\release\proyek.tlog\cl.read.1.tlog
f:\n-file\kuliah\semester 5\grafkom\grafika komputer dan visualisasi\vs\proyek\release\proyek.tlog\cl.write.1.tlog
f:\n-file\kuliah\semester 5\grafkom\grafika komputer dan visualisasi\vs\proyek\release\proyek.tlog\link.command.1.tlog
f:\n-file\kuliah\semester 5\grafkom\grafika komputer dan visualisasi\vs\proyek\release\proyek.tlog\link.read.1.tlog
f:\n-file\kuliah\semester 5\grafkom\grafika komputer dan visualisasi\vs\proyek\release\proyek.tlog\link.write.1.tlog
f:\n-file\kuliah\semester 5\grafkom\grafika komputer dan visualisasi\vs\proyek\release\proyek.tlog\proyek.write.1u.tlog
